<?xml version="1.0" encoding="UTF-8"?>
<coverage generated="1393189771">
  <project timestamp="1393189771">
    <package name="DreamFactory\Platform\Enums">
      <file name="/opt/dreamfactory/lib/lib-php-common-platform/src/Enums/PlatformServiceTypes.php">
        <class name="PlatformServiceTypes" namespace="DreamFactory\Platform\Enums">
          <metrics methods="1" coveredmethods="0" conditionals="0" coveredconditionals="0" statements="33" coveredstatements="0" elements="34" coveredelements="0"/>
        </class>
        <line num="88" type="method" name="getFileName" crap="272" count="0"/>
        <line num="92" type="stmt" count="0"/>
        <line num="93" type="stmt" count="0"/>
        <line num="94" type="stmt" count="0"/>
        <line num="95" type="stmt" count="0"/>
        <line num="97" type="stmt" count="0"/>
        <line num="98" type="stmt" count="0"/>
        <line num="99" type="stmt" count="0"/>
        <line num="100" type="stmt" count="0"/>
        <line num="101" type="stmt" count="0"/>
        <line num="102" type="stmt" count="0"/>
        <line num="104" type="stmt" count="0"/>
        <line num="105" type="stmt" count="0"/>
        <line num="106" type="stmt" count="0"/>
        <line num="107" type="stmt" count="0"/>
        <line num="108" type="stmt" count="0"/>
        <line num="109" type="stmt" count="0"/>
        <line num="110" type="stmt" count="0"/>
        <line num="111" type="stmt" count="0"/>
        <line num="112" type="stmt" count="0"/>
        <line num="113" type="stmt" count="0"/>
        <line num="114" type="stmt" count="0"/>
        <line num="115" type="stmt" count="0"/>
        <line num="116" type="stmt" count="0"/>
        <line num="117" type="stmt" count="0"/>
        <line num="118" type="stmt" count="0"/>
        <line num="119" type="stmt" count="0"/>
        <line num="120" type="stmt" count="0"/>
        <line num="121" type="stmt" count="0"/>
        <line num="122" type="stmt" count="0"/>
        <line num="123" type="stmt" count="0"/>
        <line num="124" type="stmt" count="0"/>
        <line num="125" type="stmt" count="0"/>
        <line num="126" type="stmt" count="0"/>
        <metrics loc="128" ncloc="59" classes="1" methods="1" coveredmethods="0" conditionals="0" coveredconditionals="0" statements="33" coveredstatements="0" elements="34" coveredelements="0"/>
      </file>
    </package>
    <package name="DreamFactory\Platform\Events">
      <file name="/opt/dreamfactory/lib/lib-php-common-platform/src/Events/PlatformEvent.php">
        <class name="PlatformEvent" namespace="DreamFactory\Platform\Events">
          <metrics methods="10" coveredmethods="1" conditionals="0" coveredconditionals="0" statements="23" coveredstatements="4" elements="33" coveredelements="5"/>
        </class>
        <line num="77" type="method" name="__construct" crap="4" count="3"/>
        <line num="79" type="stmt" count="3"/>
        <line num="82" type="stmt" count="3"/>
        <line num="85" type="stmt" count="3"/>
        <line num="86" type="stmt" count="3"/>
        <line num="91" type="method" name="preventDefault" crap="2" count="0"/>
        <line num="93" type="stmt" count="0"/>
        <line num="94" type="stmt" count="0"/>
        <line num="99" type="method" name="isDefaultPrevented" crap="2" count="0"/>
        <line num="101" type="stmt" count="0"/>
        <line num="107" type="method" name="getTimestamp" crap="2" count="0"/>
        <line num="109" type="stmt" count="0"/>
        <line num="117" type="method" name="setLastHandlerResult" crap="6" count="0"/>
        <line num="119" type="stmt" count="0"/>
        <line num="120" type="stmt" count="0"/>
        <line num="121" type="stmt" count="0"/>
        <line num="122" type="stmt" count="0"/>
        <line num="124" type="stmt" count="0"/>
        <line num="130" type="method" name="getLastHandlerResult" crap="2" count="0"/>
        <line num="132" type="stmt" count="0"/>
        <line num="138" type="method" name="getRequest" crap="2" count="0"/>
        <line num="140" type="stmt" count="0"/>
        <line num="146" type="method" name="getResponse" crap="2" count="0"/>
        <line num="148" type="stmt" count="0"/>
        <line num="156" type="method" name="setResponse" crap="6" count="0"/>
        <line num="159" type="stmt" count="0"/>
        <line num="160" type="stmt" count="0"/>
        <line num="161" type="stmt" count="0"/>
        <line num="164" type="stmt" count="0"/>
        <line num="165" type="stmt" count="0"/>
        <line num="167" type="stmt" count="0"/>
        <line num="173" type="method" name="isDirty" crap="2" count="0"/>
        <line num="175" type="stmt" count="0"/>
        <metrics loc="176" ncloc="75" classes="1" methods="10" coveredmethods="1" conditionals="0" coveredconditionals="0" statements="23" coveredstatements="4" elements="33" coveredelements="5"/>
      </file>
      <file name="/opt/dreamfactory/lib/lib-php-common-platform/src/Events/RestServiceEvent.php">
        <class name="RestServiceEvent" namespace="DreamFactory\Platform\Events">
          <metrics methods="3" coveredmethods="1" conditionals="0" coveredconditionals="0" statements="6" coveredstatements="4" elements="9" coveredelements="5"/>
        </class>
        <line num="61" type="method" name="__construct" crap="1" count="3"/>
        <line num="63" type="stmt" count="3"/>
        <line num="65" type="stmt" count="3"/>
        <line num="66" type="stmt" count="3"/>
        <line num="67" type="stmt" count="3"/>
        <line num="72" type="method" name="getApiName" crap="2" count="0"/>
        <line num="74" type="stmt" count="0"/>
        <line num="80" type="method" name="getResource" crap="2" count="0"/>
        <line num="82" type="stmt" count="0"/>
        <metrics loc="84" ncloc="24" classes="1" methods="3" coveredmethods="1" conditionals="0" coveredconditionals="0" statements="6" coveredstatements="4" elements="9" coveredelements="5"/>
      </file>
    </package>
    <package name="DreamFactory\Platform\Resources">
      <file name="/opt/dreamfactory/lib/lib-php-common-platform/src/Resources/BasePlatformRestResource.php">
        <class name="BasePlatformRestResource" namespace="DreamFactory\Platform\Resources">
          <metrics methods="12" coveredmethods="0" conditionals="0" coveredconditionals="0" statements="24" coveredstatements="6" elements="36" coveredelements="6"/>
        </class>
        <line num="80" type="method" name="__construct" crap="3.03" count="1"/>
        <line num="82" type="stmt" count="1"/>
        <line num="83" type="stmt" count="1"/>
        <line num="85" type="stmt" count="1"/>
        <line num="86" type="stmt" count="1"/>
        <line num="87" type="stmt" count="0"/>
        <line num="90" type="stmt" count="1"/>
        <line num="91" type="stmt" count="1"/>
        <line num="96" type="method" name="_postProcess" crap="2" count="0"/>
        <line num="98" type="stmt" count="0"/>
        <line num="100" type="stmt" count="0"/>
        <line num="101" type="stmt" count="0"/>
        <line num="106" type="method" name="_formatResponse" crap="2" count="0"/>
        <line num="109" type="stmt" count="0"/>
        <line num="117" type="method" name="__callStatic" crap="2" count="0"/>
        <line num="120" type="stmt" count="0"/>
        <line num="128" type="method" name="setConsumer" crap="2" count="0"/>
        <line num="130" type="stmt" count="0"/>
        <line num="132" type="stmt" count="0"/>
        <line num="138" type="method" name="getConsumer" crap="2" count="0"/>
        <line num="140" type="stmt" count="0"/>
        <line num="148" type="method" name="setServiceName" crap="2" count="0"/>
        <line num="150" type="stmt" count="0"/>
        <line num="152" type="stmt" count="0"/>
        <line num="158" type="method" name="getServiceName" crap="2" count="0"/>
        <line num="160" type="stmt" count="0"/>
        <line num="166" type="method" name="setPassthruClass" crap="2" count="0"/>
        <line num="168" type="stmt" count="0"/>
        <line num="169" type="stmt" count="0"/>
        <line num="174" type="method" name="getPassthruClass" crap="2" count="0"/>
        <line num="176" type="stmt" count="0"/>
        <line num="184" type="method" name="setResponseFormat" crap="2" count="0"/>
        <line num="186" type="stmt" count="0"/>
        <line num="188" type="stmt" count="0"/>
        <line num="194" type="method" name="getResponseFormat" crap="2" count="0"/>
        <line num="196" type="stmt" count="0"/>
        <metrics loc="198" ncloc="86" classes="1" methods="12" coveredmethods="0" conditionals="0" coveredconditionals="0" statements="24" coveredstatements="6" elements="36" coveredelements="6"/>
      </file>
      <file name="/opt/dreamfactory/lib/lib-php-common-platform/src/Resources/BaseSystemRestResource.php">
        <class name="BaseSystemRestResource" namespace="DreamFactory\Platform\Resources">
          <metrics methods="31" coveredmethods="1" conditionals="0" coveredconditionals="0" statements="198" coveredstatements="11" elements="229" coveredelements="12"/>
        </class>
        <line num="96" type="method" name="__construct" crap="4" count="1"/>
        <line num="98" type="stmt" count="1"/>
        <line num="101" type="stmt" count="1"/>
        <line num="104" type="stmt" count="1"/>
        <line num="105" type="stmt" count="1"/>
        <line num="107" type="stmt" count="1"/>
        <line num="108" type="stmt" count="1"/>
        <line num="109" type="stmt" count="1"/>
        <line num="110" type="stmt" count="1"/>
        <line num="111" type="stmt" count="1"/>
        <line num="113" type="stmt" count="1"/>
        <line num="114" type="stmt" count="1"/>
        <line num="121" type="method" name="model" crap="2" count="0"/>
        <line num="123" type="stmt" count="0"/>
        <line num="136" type="method" name="select" crap="6" count="0"/>
        <line num="138" type="stmt" count="0"/>
        <line num="139" type="stmt" count="0"/>
        <line num="140" type="stmt" count="0"/>
        <line num="141" type="stmt" count="0"/>
        <line num="142" type="stmt" count="0"/>
        <line num="143" type="stmt" count="0"/>
        <line num="145" type="stmt" count="0"/>
        <line num="155" type="method" name="_detectResourceMembers" crap="2" count="0"/>
        <line num="157" type="stmt" count="0"/>
        <line num="159" type="stmt" count="0"/>
        <line num="161" type="stmt" count="0"/>
        <line num="167" type="method" name="_preProcess" crap="12" count="0"/>
        <line num="169" type="stmt" count="0"/>
        <line num="172" type="stmt" count="0"/>
        <line num="175" type="stmt" count="0"/>
        <line num="176" type="stmt" count="0"/>
        <line num="177" type="stmt" count="0"/>
        <line num="178" type="stmt" count="0"/>
        <line num="180" type="stmt" count="0"/>
        <line num="182" type="stmt" count="0"/>
        <line num="183" type="stmt" count="0"/>
        <line num="184" type="stmt" count="0"/>
        <line num="186" type="stmt" count="0"/>
        <line num="188" type="stmt" count="0"/>
        <line num="189" type="stmt" count="0"/>
        <line num="190" type="stmt" count="0"/>
        <line num="191" type="stmt" count="0"/>
        <line num="193" type="stmt" count="0"/>
        <line num="194" type="stmt" count="0"/>
        <line num="196" type="stmt" count="0"/>
        <line num="198" type="stmt" count="0"/>
        <line num="199" type="stmt" count="0"/>
        <line num="200" type="stmt" count="0"/>
        <line num="201" type="stmt" count="0"/>
        <line num="202" type="stmt" count="0"/>
        <line num="203" type="stmt" count="0"/>
        <line num="204" type="stmt" count="0"/>
        <line num="205" type="stmt" count="0"/>
        <line num="206" type="stmt" count="0"/>
        <line num="208" type="stmt" count="0"/>
        <line num="209" type="stmt" count="0"/>
        <line num="217" type="method" name="checkPermission" crap="2" count="0"/>
        <line num="219" type="stmt" count="0"/>
        <line num="228" type="method" name="_determineRequestedResource" crap="6" count="0"/>
        <line num="231" type="stmt" count="0"/>
        <line num="234" type="stmt" count="0"/>
        <line num="235" type="stmt" count="0"/>
        <line num="236" type="stmt" count="0"/>
        <line num="237" type="stmt" count="0"/>
        <line num="240" type="stmt" count="0"/>
        <line num="241" type="stmt" count="0"/>
        <line num="243" type="stmt" count="0"/>
        <line num="251" type="method" name="_handleGet" crap="182" count="0"/>
        <line num="254" type="stmt" count="0"/>
        <line num="255" type="stmt" count="0"/>
        <line num="256" type="stmt" count="0"/>
        <line num="259" type="stmt" count="0"/>
        <line num="261" type="stmt" count="0"/>
        <line num="264" type="stmt" count="0"/>
        <line num="265" type="stmt" count="0"/>
        <line num="266" type="stmt" count="0"/>
        <line num="269" type="stmt" count="0"/>
        <line num="270" type="stmt" count="0"/>
        <line num="271" type="stmt" count="0"/>
        <line num="272" type="stmt" count="0"/>
        <line num="274" type="stmt" count="0"/>
        <line num="276" type="stmt" count="0"/>
        <line num="277" type="stmt" count="0"/>
        <line num="279" type="stmt" count="0"/>
        <line num="284" type="stmt" count="0"/>
        <line num="285" type="stmt" count="0"/>
        <line num="287" type="stmt" count="0"/>
        <line num="288" type="stmt" count="0"/>
        <line num="289" type="stmt" count="0"/>
        <line num="290" type="stmt" count="0"/>
        <line num="292" type="stmt" count="0"/>
        <line num="293" type="stmt" count="0"/>
        <line num="294" type="stmt" count="0"/>
        <line num="295" type="stmt" count="0"/>
        <line num="297" type="stmt" count="0"/>
        <line num="298" type="stmt" count="0"/>
        <line num="299" type="stmt" count="0"/>
        <line num="302" type="stmt" count="0"/>
        <line num="303" type="stmt" count="0"/>
        <line num="304" type="stmt" count="0"/>
        <line num="305" type="stmt" count="0"/>
        <line num="306" type="stmt" count="0"/>
        <line num="307" type="stmt" count="0"/>
        <line num="308" type="stmt" count="0"/>
        <line num="309" type="stmt" count="0"/>
        <line num="311" type="stmt" count="0"/>
        <line num="312" type="stmt" count="0"/>
        <line num="313" type="stmt" count="0"/>
        <line num="315" type="stmt" count="0"/>
        <line num="316" type="stmt" count="0"/>
        <line num="317" type="stmt" count="0"/>
        <line num="318" type="stmt" count="0"/>
        <line num="319" type="stmt" count="0"/>
        <line num="321" type="stmt" count="0"/>
        <line num="322" type="stmt" count="0"/>
        <line num="323" type="stmt" count="0"/>
        <line num="324" type="stmt" count="0"/>
        <line num="326" type="stmt" count="0"/>
        <line num="327" type="stmt" count="0"/>
        <line num="328" type="stmt" count="0"/>
        <line num="329" type="stmt" count="0"/>
        <line num="330" type="stmt" count="0"/>
        <line num="331" type="stmt" count="0"/>
        <line num="332" type="stmt" count="0"/>
        <line num="333" type="stmt" count="0"/>
        <line num="342" type="method" name="_handlePut" crap="30" count="0"/>
        <line num="344" type="stmt" count="0"/>
        <line num="345" type="stmt" count="0"/>
        <line num="346" type="stmt" count="0"/>
        <line num="348" type="stmt" count="0"/>
        <line num="349" type="stmt" count="0"/>
        <line num="350" type="stmt" count="0"/>
        <line num="353" type="stmt" count="0"/>
        <line num="354" type="stmt" count="0"/>
        <line num="355" type="stmt" count="0"/>
        <line num="358" type="stmt" count="0"/>
        <line num="359" type="stmt" count="0"/>
        <line num="360" type="stmt" count="0"/>
        <line num="363" type="stmt" count="0"/>
        <line num="364" type="stmt" count="0"/>
        <line num="365" type="stmt" count="0"/>
        <line num="368" type="stmt" count="0"/>
        <line num="377" type="method" name="_handlePatch" crap="2" count="0"/>
        <line num="379" type="stmt" count="0"/>
        <line num="388" type="method" name="_handleMerge" crap="2" count="0"/>
        <line num="390" type="stmt" count="0"/>
        <line num="399" type="method" name="_handlePost" crap="12" count="0"/>
        <line num="401" type="stmt" count="0"/>
        <line num="403" type="stmt" count="0"/>
        <line num="404" type="stmt" count="0"/>
        <line num="405" type="stmt" count="0"/>
        <line num="406" type="stmt" count="0"/>
        <line num="408" type="stmt" count="0"/>
        <line num="411" type="stmt" count="0"/>
        <line num="412" type="stmt" count="0"/>
        <line num="413" type="stmt" count="0"/>
        <line num="416" type="stmt" count="0"/>
        <line num="425" type="method" name="_handleDelete" crap="30" count="0"/>
        <line num="427" type="stmt" count="0"/>
        <line num="428" type="stmt" count="0"/>
        <line num="429" type="stmt" count="0"/>
        <line num="432" type="stmt" count="0"/>
        <line num="434" type="stmt" count="0"/>
        <line num="435" type="stmt" count="0"/>
        <line num="436" type="stmt" count="0"/>
        <line num="437" type="stmt" count="0"/>
        <line num="438" type="stmt" count="0"/>
        <line num="441" type="stmt" count="0"/>
        <line num="442" type="stmt" count="0"/>
        <line num="443" type="stmt" count="0"/>
        <line num="446" type="stmt" count="0"/>
        <line num="447" type="stmt" count="0"/>
        <line num="448" type="stmt" count="0"/>
        <line num="451" type="stmt" count="0"/>
        <line num="457" type="method" name="_formatResponse" crap="12" count="0"/>
        <line num="459" type="stmt" count="0"/>
        <line num="461" type="stmt" count="0"/>
        <line num="463" type="stmt" count="0"/>
        <line num="465" type="stmt" count="0"/>
        <line num="466" type="stmt" count="0"/>
        <line num="467" type="stmt" count="0"/>
        <line num="469" type="stmt" count="0"/>
        <line num="470" type="stmt" count="0"/>
        <line num="471" type="stmt" count="0"/>
        <line num="472" type="stmt" count="0"/>
        <line num="474" type="stmt" count="0"/>
        <line num="475" type="stmt" count="0"/>
        <line num="482" type="method" name="setRelatedResource" crap="2" count="0"/>
        <line num="484" type="stmt" count="0"/>
        <line num="486" type="stmt" count="0"/>
        <line num="492" type="method" name="getRelatedResource" crap="2" count="0"/>
        <line num="494" type="stmt" count="0"/>
        <line num="502" type="method" name="setResourceArray" crap="2" count="0"/>
        <line num="504" type="stmt" count="0"/>
        <line num="506" type="stmt" count="0"/>
        <line num="512" type="method" name="getResourceArray" crap="2" count="0"/>
        <line num="514" type="stmt" count="0"/>
        <line num="522" type="method" name="setResourceId" crap="2" count="0"/>
        <line num="524" type="stmt" count="0"/>
        <line num="526" type="stmt" count="0"/>
        <line num="532" type="method" name="getResourceId" crap="2" count="0"/>
        <line num="534" type="stmt" count="0"/>
        <line num="542" type="method" name="setExtras" crap="2" count="0"/>
        <line num="544" type="stmt" count="0"/>
        <line num="546" type="stmt" count="0"/>
        <line num="552" type="method" name="getExtras" crap="2" count="0"/>
        <line num="554" type="stmt" count="0"/>
        <line num="562" type="method" name="setFields" crap="2" count="0"/>
        <line num="564" type="stmt" count="0"/>
        <line num="566" type="stmt" count="0"/>
        <line num="572" type="method" name="getFields" crap="2" count="0"/>
        <line num="574" type="stmt" count="0"/>
        <line num="582" type="method" name="setResponseFormat" crap="2" count="0"/>
        <line num="584" type="stmt" count="0"/>
        <line num="586" type="stmt" count="0"/>
        <line num="592" type="method" name="getResponseFormat" crap="2" count="0"/>
        <line num="594" type="stmt" count="0"/>
        <line num="602" type="method" name="setIncludeCount" crap="2" count="0"/>
        <line num="604" type="stmt" count="0"/>
        <line num="606" type="stmt" count="0"/>
        <line num="612" type="method" name="getIncludeCount" crap="2" count="0"/>
        <line num="614" type="stmt" count="0"/>
        <line num="622" type="method" name="setIncludeSchema" crap="2" count="0"/>
        <line num="624" type="stmt" count="0"/>
        <line num="626" type="stmt" count="0"/>
        <line num="632" type="method" name="getIncludeSchema" crap="2" count="0"/>
        <line num="634" type="stmt" count="0"/>
        <line num="642" type="method" name="getSchema" crap="2" count="0"/>
        <line num="644" type="stmt" count="0"/>
        <metrics loc="645" ncloc="406" classes="1" methods="31" coveredmethods="1" conditionals="0" coveredconditionals="0" statements="198" coveredstatements="11" elements="229" coveredelements="12"/>
      </file>
    </package>
    <package name="DreamFactory\Platform\Resources\System">
      <file name="/opt/dreamfactory/lib/lib-php-common-platform/src/Resources/System/Config.php">
        <class name="Config" namespace="DreamFactory\Platform\Resources\System">
          <metrics methods="7" coveredmethods="1" conditionals="0" coveredconditionals="0" statements="135" coveredstatements="14" elements="142" coveredelements="15"/>
        </class>
        <line num="54" type="method" name="__construct" crap="1" count="1"/>
        <line num="56" type="stmt" count="1"/>
        <line num="57" type="stmt" count="1"/>
        <line num="59" type="stmt" count="1"/>
        <line num="60" type="stmt" count="1"/>
        <line num="61" type="stmt" count="1"/>
        <line num="62" type="stmt" count="1"/>
        <line num="63" type="stmt" count="1"/>
        <line num="64" type="stmt" count="1"/>
        <line num="65" type="stmt" count="1"/>
        <line num="67" type="stmt" count="1"/>
        <line num="68" type="stmt" count="1"/>
        <line num="70" type="stmt" count="1"/>
        <line num="71" type="stmt" count="1"/>
        <line num="72" type="stmt" count="1"/>
        <line num="74" type="method" name="getOpenRegistration" crap="12" count="0"/>
        <line num="77" type="stmt" count="0"/>
        <line num="78" type="stmt" count="0"/>
        <line num="79" type="stmt" count="0"/>
        <line num="80" type="stmt" count="0"/>
        <line num="81" type="stmt" count="0"/>
        <line num="84" type="stmt" count="0"/>
        <line num="85" type="stmt" count="0"/>
        <line num="86" type="stmt" count="0"/>
        <line num="89" type="stmt" count="0"/>
        <line num="100" type="method" name="checkPermission" crap="6" count="0"/>
        <line num="102" type="stmt" count="0"/>
        <line num="103" type="stmt" count="0"/>
        <line num="104" type="stmt" count="0"/>
        <line num="107" type="stmt" count="0"/>
        <line num="113" type="method" name="_determineRequestedResource" crap="6" count="0"/>
        <line num="115" type="stmt" count="0"/>
        <line num="118" type="stmt" count="0"/>
        <line num="119" type="stmt" count="0"/>
        <line num="121" type="stmt" count="0"/>
        <line num="122" type="stmt" count="0"/>
        <line num="124" type="stmt" count="0"/>
        <line num="130" type="method" name="_postProcess" crap="156" count="0"/>
        <line num="132" type="stmt" count="0"/>
        <line num="134" type="stmt" count="0"/>
        <line num="135" type="stmt" count="0"/>
        <line num="136" type="stmt" count="0"/>
        <line num="137" type="stmt" count="0"/>
        <line num="140" type="stmt" count="0"/>
        <line num="141" type="stmt" count="0"/>
        <line num="142" type="stmt" count="0"/>
        <line num="143" type="stmt" count="0"/>
        <line num="144" type="stmt" count="0"/>
        <line num="145" type="stmt" count="0"/>
        <line num="146" type="stmt" count="0"/>
        <line num="147" type="stmt" count="0"/>
        <line num="148" type="stmt" count="0"/>
        <line num="149" type="stmt" count="0"/>
        <line num="150" type="stmt" count="0"/>
        <line num="155" type="stmt" count="0"/>
        <line num="156" type="stmt" count="0"/>
        <line num="158" type="stmt" count="0"/>
        <line num="159" type="stmt" count="0"/>
        <line num="160" type="stmt" count="0"/>
        <line num="161" type="stmt" count="0"/>
        <line num="163" type="stmt" count="0"/>
        <line num="164" type="stmt" count="0"/>
        <line num="166" type="stmt" count="0"/>
        <line num="167" type="stmt" count="0"/>
        <line num="172" type="stmt" count="0"/>
        <line num="173" type="stmt" count="0"/>
        <line num="174" type="stmt" count="0"/>
        <line num="176" type="stmt" count="0"/>
        <line num="177" type="stmt" count="0"/>
        <line num="178" type="stmt" count="0"/>
        <line num="180" type="stmt" count="0"/>
        <line num="181" type="stmt" count="0"/>
        <line num="182" type="stmt" count="0"/>
        <line num="183" type="stmt" count="0"/>
        <line num="186" type="stmt" count="0"/>
        <line num="189" type="stmt" count="0"/>
        <line num="190" type="stmt" count="0"/>
        <line num="194" type="stmt" count="0"/>
        <line num="198" type="stmt" count="0"/>
        <line num="200" type="stmt" count="0"/>
        <line num="201" type="stmt" count="0"/>
        <line num="206" type="method" name="_getRemoteProviders" crap="132" count="0"/>
        <line num="208" type="stmt" count="0"/>
        <line num="209" type="stmt" count="0"/>
        <line num="210" type="stmt" count="0"/>
        <line num="216" type="stmt" count="0"/>
        <line num="217" type="stmt" count="0"/>
        <line num="218" type="stmt" count="0"/>
        <line num="219" type="stmt" count="0"/>
        <line num="221" type="stmt" count="0"/>
        <line num="222" type="stmt" count="0"/>
        <line num="223" type="stmt" count="0"/>
        <line num="225" type="stmt" count="0"/>
        <line num="226" type="stmt" count="0"/>
        <line num="227" type="stmt" count="0"/>
        <line num="229" type="stmt" count="0"/>
        <line num="230" type="stmt" count="0"/>
        <line num="231" type="stmt" count="0"/>
        <line num="232" type="stmt" count="0"/>
        <line num="233" type="stmt" count="0"/>
        <line num="234" type="stmt" count="0"/>
        <line num="235" type="stmt" count="0"/>
        <line num="237" type="stmt" count="0"/>
        <line num="239" type="stmt" count="0"/>
        <line num="240" type="stmt" count="0"/>
        <line num="241" type="stmt" count="0"/>
        <line num="243" type="stmt" count="0"/>
        <line num="250" type="stmt" count="0"/>
        <line num="252" type="stmt" count="0"/>
        <line num="253" type="stmt" count="0"/>
        <line num="254" type="stmt" count="0"/>
        <line num="256" type="stmt" count="0"/>
        <line num="257" type="stmt" count="0"/>
        <line num="258" type="stmt" count="0"/>
        <line num="261" type="stmt" count="0"/>
        <line num="263" type="stmt" count="0"/>
        <line num="264" type="stmt" count="0"/>
        <line num="265" type="stmt" count="0"/>
        <line num="266" type="stmt" count="0"/>
        <line num="268" type="stmt" count="0"/>
        <line num="270" type="stmt" count="0"/>
        <line num="271" type="stmt" count="0"/>
        <line num="273" type="stmt" count="0"/>
        <line num="274" type="stmt" count="0"/>
        <line num="276" type="stmt" count="0"/>
        <line num="277" type="stmt" count="0"/>
        <line num="279" type="stmt" count="0"/>
        <line num="280" type="stmt" count="0"/>
        <line num="282" type="stmt" count="0"/>
        <line num="294" type="method" name="_sanitizeProviderConfig" crap="30" count="0"/>
        <line num="298" type="stmt" count="0"/>
        <line num="299" type="stmt" count="0"/>
        <line num="300" type="stmt" count="0"/>
        <line num="303" type="stmt" count="0"/>
        <line num="306" type="stmt" count="0"/>
        <line num="307" type="stmt" count="0"/>
        <line num="308" type="stmt" count="0"/>
        <line num="312" type="stmt" count="0"/>
        <line num="315" type="stmt" count="0"/>
        <line num="316" type="stmt" count="0"/>
        <line num="317" type="stmt" count="0"/>
        <line num="319" type="stmt" count="0"/>
        <metrics loc="320" ncloc="222" classes="1" methods="7" coveredmethods="1" conditionals="0" coveredconditionals="0" statements="135" coveredstatements="14" elements="142" coveredelements="15"/>
      </file>
    </package>
    <package name="DreamFactory\Platform\Resources\User">
      <file name="/opt/dreamfactory/lib/lib-php-common-platform/src/Resources/User/Session.php">
        <class name="Session" namespace="DreamFactory\Platform\Resources\User">
          <metrics methods="20" coveredmethods="0" conditionals="0" coveredconditionals="0" statements="407" coveredstatements="5" elements="427" coveredelements="5"/>
        </class>
        <line num="76" type="method" name="__construct" crap="2" count="0"/>
        <line num="78" type="stmt" count="0"/>
        <line num="79" type="stmt" count="0"/>
        <line num="81" type="stmt" count="0"/>
        <line num="82" type="stmt" count="0"/>
        <line num="83" type="stmt" count="0"/>
        <line num="84" type="stmt" count="0"/>
        <line num="85" type="stmt" count="0"/>
        <line num="86" type="stmt" count="0"/>
        <line num="87" type="stmt" count="0"/>
        <line num="88" type="stmt" count="0"/>
        <line num="90" type="stmt" count="0"/>
        <line num="92" type="stmt" count="0"/>
        <line num="93" type="stmt" count="0"/>
        <line num="94" type="stmt" count="0"/>
        <line num="101" type="method" name="_handleGet" crap="2" count="0"/>
        <line num="103" type="stmt" count="0"/>
        <line num="105" type="stmt" count="0"/>
        <line num="111" type="method" name="_handlePost" crap="2" count="0"/>
        <line num="113" type="stmt" count="0"/>
        <line num="115" type="stmt" count="0"/>
        <line num="121" type="method" name="_handleDelete" crap="2" count="0"/>
        <line num="123" type="stmt" count="0"/>
        <line num="125" type="stmt" count="0"/>
        <line num="139" type="method" name="_getSession" crap="56" count="0"/>
        <line num="142" type="stmt" count="0"/>
        <line num="143" type="stmt" count="0"/>
        <line num="144" type="stmt" count="0"/>
        <line num="145" type="stmt" count="0"/>
        <line num="150" type="stmt" count="0"/>
        <line num="152" type="stmt" count="0"/>
        <line num="154" type="stmt" count="0"/>
        <line num="157" type="stmt" count="0"/>
        <line num="158" type="stmt" count="0"/>
        <line num="159" type="stmt" count="0"/>
        <line num="160" type="stmt" count="0"/>
        <line num="162" type="stmt" count="0"/>
        <line num="164" type="stmt" count="0"/>
        <line num="165" type="stmt" count="0"/>
        <line num="166" type="stmt" count="0"/>
        <line num="167" type="stmt" count="0"/>
        <line num="168" type="stmt" count="0"/>
        <line num="171" type="stmt" count="0"/>
        <line num="173" type="stmt" count="0"/>
        <line num="176" type="stmt" count="0"/>
        <line num="183" type="stmt" count="0"/>
        <line num="184" type="stmt" count="0"/>
        <line num="185" type="stmt" count="0"/>
        <line num="186" type="stmt" count="0"/>
        <line num="188" type="stmt" count="0"/>
        <line num="190" type="stmt" count="0"/>
        <line num="192" type="stmt" count="0"/>
        <line num="195" type="stmt" count="0"/>
        <line num="196" type="stmt" count="0"/>
        <line num="197" type="stmt" count="0"/>
        <line num="200" type="stmt" count="0"/>
        <line num="203" type="stmt" count="0"/>
        <line num="213" type="method" name="_validateTicket" crap="20" count="0"/>
        <line num="215" type="stmt" count="0"/>
        <line num="216" type="stmt" count="0"/>
        <line num="217" type="stmt" count="0"/>
        <line num="220" type="stmt" count="0"/>
        <line num="221" type="stmt" count="0"/>
        <line num="222" type="stmt" count="0"/>
        <line num="223" type="stmt" count="0"/>
        <line num="224" type="stmt" count="0"/>
        <line num="225" type="stmt" count="0"/>
        <line num="227" type="stmt" count="0"/>
        <line num="228" type="stmt" count="0"/>
        <line num="230" type="stmt" count="0"/>
        <line num="231" type="stmt" count="0"/>
        <line num="234" type="stmt" count="0"/>
        <line num="246" type="method" name="userLogin" crap="72" count="0"/>
        <line num="248" type="stmt" count="0"/>
        <line num="249" type="stmt" count="0"/>
        <line num="250" type="stmt" count="0"/>
        <line num="253" type="stmt" count="0"/>
        <line num="254" type="stmt" count="0"/>
        <line num="255" type="stmt" count="0"/>
        <line num="258" type="stmt" count="0"/>
        <line num="260" type="stmt" count="0"/>
        <line num="261" type="stmt" count="0"/>
        <line num="262" type="stmt" count="0"/>
        <line num="265" type="stmt" count="0"/>
        <line num="266" type="stmt" count="0"/>
        <line num="267" type="stmt" count="0"/>
        <line num="271" type="stmt" count="0"/>
        <line num="272" type="stmt" count="0"/>
        <line num="274" type="stmt" count="0"/>
        <line num="277" type="stmt" count="0"/>
        <line num="278" type="stmt" count="0"/>
        <line num="279" type="stmt" count="0"/>
        <line num="282" type="stmt" count="0"/>
        <line num="285" type="stmt" count="0"/>
        <line num="287" type="stmt" count="0"/>
        <line num="290" type="stmt" count="0"/>
        <line num="291" type="stmt" count="0"/>
        <line num="295" type="stmt" count="0"/>
        <line num="301" type="method" name="userLogout" crap="20" count="0"/>
        <line num="304" type="stmt" count="0"/>
        <line num="306" type="stmt" count="0"/>
        <line num="307" type="stmt" count="0"/>
        <line num="308" type="stmt" count="0"/>
        <line num="309" type="stmt" count="0"/>
        <line num="311" type="stmt" count="0"/>
        <line num="312" type="stmt" count="0"/>
        <line num="313" type="stmt" count="0"/>
        <line num="314" type="stmt" count="0"/>
        <line num="315" type="stmt" count="0"/>
        <line num="316" type="stmt" count="0"/>
        <line num="317" type="stmt" count="0"/>
        <line num="318" type="stmt" count="0"/>
        <line num="319" type="stmt" count="0"/>
        <line num="323" type="stmt" count="0"/>
        <line num="325" type="stmt" count="0"/>
        <line num="335" type="method" name="generateSessionDataFromUser" crap="182" count="0"/>
        <line num="337" type="stmt" count="0"/>
        <line num="338" type="stmt" count="0"/>
        <line num="342" type="stmt" count="0"/>
        <line num="343" type="stmt" count="0"/>
        <line num="344" type="stmt" count="0"/>
        <line num="345" type="stmt" count="0"/>
        <line num="347" type="stmt" count="0"/>
        <line num="349" type="stmt" count="0"/>
        <line num="350" type="stmt" count="0"/>
        <line num="351" type="stmt" count="0"/>
        <line num="354" type="stmt" count="0"/>
        <line num="355" type="stmt" count="0"/>
        <line num="356" type="stmt" count="0"/>
        <line num="359" type="stmt" count="0"/>
        <line num="361" type="stmt" count="0"/>
        <line num="362" type="stmt" count="0"/>
        <line num="363" type="stmt" count="0"/>
        <line num="366" type="stmt" count="0"/>
        <line num="367" type="stmt" count="0"/>
        <line num="368" type="stmt" count="0"/>
        <line num="370" type="stmt" count="0"/>
        <line num="372" type="stmt" count="0"/>
        <line num="373" type="stmt" count="0"/>
        <line num="374" type="stmt" count="0"/>
        <line num="375" type="stmt" count="0"/>
        <line num="376" type="stmt" count="0"/>
        <line num="379" type="stmt" count="0"/>
        <line num="380" type="stmt" count="0"/>
        <line num="381" type="stmt" count="0"/>
        <line num="382" type="stmt" count="0"/>
        <line num="385" type="stmt" count="0"/>
        <line num="386" type="stmt" count="0"/>
        <line num="387" type="stmt" count="0"/>
        <line num="388" type="stmt" count="0"/>
        <line num="390" type="stmt" count="0"/>
        <line num="392" type="stmt" count="0"/>
        <line num="393" type="stmt" count="0"/>
        <line num="397" type="stmt" count="0"/>
        <line num="399" type="stmt" count="0"/>
        <line num="401" type="stmt" count="0"/>
        <line num="402" type="stmt" count="0"/>
        <line num="403" type="stmt" count="0"/>
        <line num="404" type="stmt" count="0"/>
        <line num="405" type="stmt" count="0"/>
        <line num="406" type="stmt" count="0"/>
        <line num="408" type="stmt" count="0"/>
        <line num="409" type="stmt" count="0"/>
        <line num="410" type="stmt" count="0"/>
        <line num="411" type="stmt" count="0"/>
        <line num="412" type="stmt" count="0"/>
        <line num="415" type="stmt" count="0"/>
        <line num="416" type="stmt" count="0"/>
        <line num="417" type="stmt" count="0"/>
        <line num="419" type="stmt" count="0"/>
        <line num="430" type="method" name="generateSessionDataFromRole" crap="56" count="0"/>
        <line num="432" type="stmt" count="0"/>
        <line num="436" type="stmt" count="0"/>
        <line num="437" type="stmt" count="0"/>
        <line num="438" type="stmt" count="0"/>
        <line num="439" type="stmt" count="0"/>
        <line num="441" type="stmt" count="0"/>
        <line num="443" type="stmt" count="0"/>
        <line num="444" type="stmt" count="0"/>
        <line num="445" type="stmt" count="0"/>
        <line num="448" type="stmt" count="0"/>
        <line num="449" type="stmt" count="0"/>
        <line num="450" type="stmt" count="0"/>
        <line num="453" type="stmt" count="0"/>
        <line num="454" type="stmt" count="0"/>
        <line num="455" type="stmt" count="0"/>
        <line num="460" type="stmt" count="0"/>
        <line num="461" type="stmt" count="0"/>
        <line num="462" type="stmt" count="0"/>
        <line num="465" type="stmt" count="0"/>
        <line num="467" type="stmt" count="0"/>
        <line num="469" type="stmt" count="0"/>
        <line num="470" type="stmt" count="0"/>
        <line num="471" type="stmt" count="0"/>
        <line num="472" type="stmt" count="0"/>
        <line num="473" type="stmt" count="0"/>
        <line num="475" type="stmt" count="0"/>
        <line num="476" type="stmt" count="0"/>
        <line num="478" type="stmt" count="0"/>
        <line num="479" type="stmt" count="0"/>
        <line num="482" type="stmt" count="0"/>
        <line num="483" type="stmt" count="0"/>
        <line num="484" type="stmt" count="0"/>
        <line num="486" type="stmt" count="0"/>
        <line num="493" type="method" name="validateSession" crap="56" count="0"/>
        <line num="495" type="stmt" count="0"/>
        <line num="496" type="stmt" count="0"/>
        <line num="497" type="stmt" count="0"/>
        <line num="501" type="stmt" count="0"/>
        <line num="503" type="stmt" count="0"/>
        <line num="504" type="stmt" count="0"/>
        <line num="505" type="stmt" count="0"/>
        <line num="506" type="stmt" count="0"/>
        <line num="508" type="stmt" count="0"/>
        <line num="509" type="stmt" count="0"/>
        <line num="510" type="stmt" count="0"/>
        <line num="511" type="stmt" count="0"/>
        <line num="512" type="stmt" count="0"/>
        <line num="514" type="stmt" count="0"/>
        <line num="517" type="stmt" count="0"/>
        <line num="519" type="stmt" count="0"/>
        <line num="521" type="stmt" count="0"/>
        <line num="527" type="method" name="isSystemAdmin" crap="2" count="0"/>
        <line num="529" type="stmt" count="0"/>
        <line num="531" type="stmt" count="0"/>
        <line num="542" type="method" name="checkSessionPermission" crap="702" count="0"/>
        <line num="544" type="stmt" count="0"/>
        <line num="546" type="stmt" count="0"/>
        <line num="548" type="stmt" count="0"/>
        <line num="549" type="stmt" count="0"/>
        <line num="550" type="stmt" count="0"/>
        <line num="553" type="stmt" count="0"/>
        <line num="554" type="stmt" count="0"/>
        <line num="556" type="stmt" count="0"/>
        <line num="560" type="stmt" count="0"/>
        <line num="561" type="stmt" count="0"/>
        <line num="562" type="stmt" count="0"/>
        <line num="565" type="stmt" count="0"/>
        <line num="568" type="stmt" count="0"/>
        <line num="570" type="stmt" count="0"/>
        <line num="571" type="stmt" count="0"/>
        <line num="572" type="stmt" count="0"/>
        <line num="573" type="stmt" count="0"/>
        <line num="575" type="stmt" count="0"/>
        <line num="577" type="stmt" count="0"/>
        <line num="578" type="stmt" count="0"/>
        <line num="579" type="stmt" count="0"/>
        <line num="582" type="stmt" count="0"/>
        <line num="584" type="stmt" count="0"/>
        <line num="585" type="stmt" count="0"/>
        <line num="586" type="stmt" count="0"/>
        <line num="589" type="stmt" count="0"/>
        <line num="590" type="stmt" count="0"/>
        <line num="591" type="stmt" count="0"/>
        <line num="592" type="stmt" count="0"/>
        <line num="594" type="stmt" count="0"/>
        <line num="596" type="stmt" count="0"/>
        <line num="597" type="stmt" count="0"/>
        <line num="599" type="stmt" count="0"/>
        <line num="600" type="stmt" count="0"/>
        <line num="601" type="stmt" count="0"/>
        <line num="602" type="stmt" count="0"/>
        <line num="603" type="stmt" count="0"/>
        <line num="604" type="stmt" count="0"/>
        <line num="605" type="stmt" count="0"/>
        <line num="606" type="stmt" count="0"/>
        <line num="607" type="stmt" count="0"/>
        <line num="608" type="stmt" count="0"/>
        <line num="609" type="stmt" count="0"/>
        <line num="610" type="stmt" count="0"/>
        <line num="613" type="stmt" count="0"/>
        <line num="615" type="stmt" count="0"/>
        <line num="617" type="stmt" count="0"/>
        <line num="618" type="stmt" count="0"/>
        <line num="619" type="stmt" count="0"/>
        <line num="620" type="stmt" count="0"/>
        <line num="623" type="stmt" count="0"/>
        <line num="624" type="stmt" count="0"/>
        <line num="625" type="stmt" count="0"/>
        <line num="626" type="stmt" count="0"/>
        <line num="627" type="stmt" count="0"/>
        <line num="628" type="stmt" count="0"/>
        <line num="629" type="stmt" count="0"/>
        <line num="632" type="stmt" count="0"/>
        <line num="635" type="stmt" count="0"/>
        <line num="636" type="stmt" count="0"/>
        <line num="638" type="stmt" count="0"/>
        <line num="639" type="stmt" count="0"/>
        <line num="640" type="stmt" count="0"/>
        <line num="641" type="stmt" count="0"/>
        <line num="644" type="stmt" count="0"/>
        <line num="646" type="stmt" count="0"/>
        <line num="647" type="stmt" count="0"/>
        <line num="649" type="stmt" count="0"/>
        <line num="650" type="stmt" count="0"/>
        <line num="653" type="stmt" count="0"/>
        <line num="654" type="stmt" count="0"/>
        <line num="656" type="stmt" count="0"/>
        <line num="658" type="stmt" count="0"/>
        <line num="659" type="stmt" count="0"/>
        <line num="660" type="stmt" count="0"/>
        <line num="661" type="stmt" count="0"/>
        <line num="662" type="stmt" count="0"/>
        <line num="664" type="stmt" count="0"/>
        <line num="666" type="stmt" count="0"/>
        <line num="675" type="method" name="isAllowed" crap="380" count="0"/>
        <line num="679" type="stmt" count="0"/>
        <line num="682" type="stmt" count="0"/>
        <line num="683" type="stmt" count="0"/>
        <line num="684" type="stmt" count="0"/>
        <line num="685" type="stmt" count="0"/>
        <line num="686" type="stmt" count="0"/>
        <line num="687" type="stmt" count="0"/>
        <line num="688" type="stmt" count="0"/>
        <line num="690" type="stmt" count="0"/>
        <line num="692" type="stmt" count="0"/>
        <line num="693" type="stmt" count="0"/>
        <line num="696" type="stmt" count="0"/>
        <line num="697" type="stmt" count="0"/>
        <line num="698" type="stmt" count="0"/>
        <line num="699" type="stmt" count="0"/>
        <line num="700" type="stmt" count="0"/>
        <line num="701" type="stmt" count="0"/>
        <line num="702" type="stmt" count="0"/>
        <line num="704" type="stmt" count="0"/>
        <line num="706" type="stmt" count="0"/>
        <line num="709" type="stmt" count="0"/>
        <line num="710" type="stmt" count="0"/>
        <line num="711" type="stmt" count="0"/>
        <line num="713" type="stmt" count="0"/>
        <line num="716" type="stmt" count="0"/>
        <line num="724" type="method" name="setCurrentUserId" crap="12" count="0"/>
        <line num="726" type="stmt" count="0"/>
        <line num="727" type="stmt" count="0"/>
        <line num="728" type="stmt" count="0"/>
        <line num="729" type="stmt" count="0"/>
        <line num="731" type="stmt" count="0"/>
        <line num="740" type="method" name="getCurrentUserId" crap="6.84" count="3"/>
        <line num="742" type="stmt" count="3"/>
        <line num="743" type="stmt" count="3"/>
        <line num="744" type="stmt" count="0"/>
        <line num="747" type="stmt" count="3"/>
        <line num="748" type="stmt" count="3"/>
        <line num="749" type="stmt" count="0"/>
        <line num="752" type="stmt" count="3"/>
        <line num="758" type="method" name="getCurrentTicket" crap="2" count="0"/>
        <line num="760" type="stmt" count="0"/>
        <line num="766" type="method" name="_checkCache" crap="30" count="0"/>
        <line num="768" type="stmt" count="0"/>
        <line num="769" type="stmt" count="0"/>
        <line num="772" type="stmt" count="0"/>
        <line num="773" type="stmt" count="0"/>
        <line num="775" type="stmt" count="0"/>
        <line num="778" type="stmt" count="0"/>
        <line num="779" type="stmt" count="0"/>
        <line num="780" type="stmt" count="0"/>
        <line num="781" type="stmt" count="0"/>
        <line num="783" type="stmt" count="0"/>
        <line num="785" type="stmt" count="0"/>
        <line num="786" type="stmt" count="0"/>
        <line num="787" type="stmt" count="0"/>
        <line num="788" type="stmt" count="0"/>
        <line num="789" type="stmt" count="0"/>
        <line num="791" type="stmt" count="0"/>
        <line num="793" type="stmt" count="0"/>
        <line num="796" type="stmt" count="0"/>
        <line num="798" type="stmt" count="0"/>
        <line num="799" type="stmt" count="0"/>
        <line num="808" type="method" name="addSessionExtras" crap="132" count="0"/>
        <line num="810" type="stmt" count="0"/>
        <line num="811" type="stmt" count="0"/>
        <line num="812" type="stmt" count="0"/>
        <line num="814" type="stmt" count="0"/>
        <line num="815" type="stmt" count="0"/>
        <line num="816" type="stmt" count="0"/>
        <line num="819" type="stmt" count="0"/>
        <line num="820" type="stmt" count="0"/>
        <line num="824" type="stmt" count="0"/>
        <line num="826" type="stmt" count="0"/>
        <line num="827" type="stmt" count="0"/>
        <line num="828" type="stmt" count="0"/>
        <line num="832" type="stmt" count="0"/>
        <line num="834" type="stmt" count="0"/>
        <line num="835" type="stmt" count="0"/>
        <line num="836" type="stmt" count="0"/>
        <line num="838" type="stmt" count="0"/>
        <line num="840" type="stmt" count="0"/>
        <line num="841" type="stmt" count="0"/>
        <line num="842" type="stmt" count="0"/>
        <line num="843" type="stmt" count="0"/>
        <line num="844" type="stmt" count="0"/>
        <line num="845" type="stmt" count="0"/>
        <line num="847" type="stmt" count="0"/>
        <line num="848" type="stmt" count="0"/>
        <line num="849" type="stmt" count="0"/>
        <line num="851" type="stmt" count="0"/>
        <line num="852" type="stmt" count="0"/>
        <line num="853" type="stmt" count="0"/>
        <line num="854" type="stmt" count="0"/>
        <line num="855" type="stmt" count="0"/>
        <line num="856" type="stmt" count="0"/>
        <line num="857" type="stmt" count="0"/>
        <line num="858" type="stmt" count="0"/>
        <line num="859" type="stmt" count="0"/>
        <line num="860" type="stmt" count="0"/>
        <line num="861" type="stmt" count="0"/>
        <line num="862" type="stmt" count="0"/>
        <line num="863" type="stmt" count="0"/>
        <line num="864" type="stmt" count="0"/>
        <line num="865" type="stmt" count="0"/>
        <line num="867" type="stmt" count="0"/>
        <line num="869" type="stmt" count="0"/>
        <line num="870" type="stmt" count="0"/>
        <line num="871" type="stmt" count="0"/>
        <line num="872" type="stmt" count="0"/>
        <line num="873" type="stmt" count="0"/>
        <line num="874" type="stmt" count="0"/>
        <line num="875" type="stmt" count="0"/>
        <line num="876" type="stmt" count="0"/>
        <line num="878" type="stmt" count="0"/>
        <line num="888" type="method" name="getUserIdentifier" crap="6" count="0"/>
        <line num="890" type="stmt" count="0"/>
        <line num="892" type="stmt" count="0"/>
        <line num="893" type="stmt" count="0"/>
        <line num="894" type="stmt" count="0"/>
        <line num="895" type="stmt" count="0"/>
        <line num="897" type="stmt" count="0"/>
        <metrics loc="899" ncloc="678" classes="1" methods="20" coveredmethods="0" conditionals="0" coveredconditionals="0" statements="407" coveredstatements="5" elements="427" coveredelements="5"/>
      </file>
    </package>
    <package name="DreamFactory\Platform\Services">
      <file name="/opt/dreamfactory/lib/lib-php-common-platform/src/Services/BasePlatformRestService.php">
        <class name="BasePlatformRestService" namespace="DreamFactory\Platform\Services">
          <metrics methods="56" coveredmethods="3" conditionals="0" coveredconditionals="0" statements="215" coveredstatements="12" elements="271" coveredelements="15"/>
        </class>
        <line num="154" type="method" name="__construct" crap="1" count="3"/>
        <line num="156" type="stmt" count="3"/>
        <line num="157" type="stmt" count="3"/>
        <line num="158" type="stmt" count="3"/>
        <line num="160" type="stmt" count="3"/>
        <line num="161" type="stmt" count="3"/>
        <line num="171" type="method" name="processRequest" crap="27.42" count="1"/>
        <line num="174" type="stmt" count="0"/>
        <line num="175" type="stmt" count="0"/>
        <line num="177" type="stmt" count="0"/>
        <line num="178" type="stmt" count="0"/>
        <line num="180" type="stmt" count="0"/>
        <line num="183" type="stmt" count="0"/>
        <line num="184" type="stmt" count="0"/>
        <line num="185" type="stmt" count="0"/>
        <line num="187" type="stmt" count="0"/>
        <line num="190" type="stmt" count="0"/>
        <line num="191" type="stmt" count="0"/>
        <line num="193" type="stmt" count="0"/>
        <line num="194" type="stmt" count="0"/>
        <line num="195" type="stmt" count="0"/>
        <line num="196" type="stmt" count="0"/>
        <line num="197" type="stmt" count="0"/>
        <line num="198" type="stmt" count="0"/>
        <line num="200" type="stmt" count="0"/>
        <line num="201" type="stmt" count="1"/>
        <line num="203" type="stmt" count="0"/>
        <line num="205" type="stmt" count="0"/>
        <line num="206" type="stmt" count="0"/>
        <line num="208" type="stmt" count="0"/>
        <line num="209" type="stmt" count="0"/>
        <line num="210" type="stmt" count="0"/>
        <line num="211" type="stmt" count="0"/>
        <line num="212" type="stmt" count="0"/>
        <line num="214" type="stmt" count="0"/>
        <line num="223" type="method" name="getNewResource" crap="2" count="0"/>
        <line num="225" type="stmt" count="0"/>
        <line num="234" type="method" name="getNewModel" crap="2" count="0"/>
        <line num="236" type="stmt" count="0"/>
        <line num="242" type="method" name="_handleExtraActions" crap="42" count="0"/>
        <line num="244" type="stmt" count="0"/>
        <line num="245" type="stmt" count="0"/>
        <line num="246" type="stmt" count="0"/>
        <line num="248" type="stmt" count="0"/>
        <line num="249" type="stmt" count="0"/>
        <line num="250" type="stmt" count="0"/>
        <line num="251" type="stmt" count="0"/>
        <line num="254" type="stmt" count="0"/>
        <line num="255" type="stmt" count="0"/>
        <line num="256" type="stmt" count="0"/>
        <line num="258" type="stmt" count="0"/>
        <line num="259" type="stmt" count="0"/>
        <line num="260" type="stmt" count="0"/>
        <line num="264" type="stmt" count="0"/>
        <line num="266" type="stmt" count="0"/>
        <line num="269" type="stmt" count="0"/>
        <line num="276" type="method" name="_handleResource" crap="90" count="0"/>
        <line num="281" type="stmt" count="0"/>
        <line num="282" type="stmt" count="0"/>
        <line num="283" type="stmt" count="0"/>
        <line num="286" type="stmt" count="0"/>
        <line num="292" type="stmt" count="0"/>
        <line num="293" type="stmt" count="0"/>
        <line num="294" type="stmt" count="0"/>
        <line num="298" type="stmt" count="0"/>
        <line num="299" type="stmt" count="0"/>
        <line num="301" type="stmt" count="0"/>
        <line num="302" type="stmt" count="0"/>
        <line num="303" type="stmt" count="0"/>
        <line num="307" type="stmt" count="0"/>
        <line num="308" type="stmt" count="0"/>
        <line num="309" type="stmt" count="0"/>
        <line num="312" type="stmt" count="0"/>
        <line num="314" type="stmt" count="0"/>
        <line num="315" type="stmt" count="0"/>
        <line num="316" type="stmt" count="0"/>
        <line num="320" type="stmt" count="0"/>
        <line num="330" type="method" name="_detectResourceMembers" crap="20" count="0"/>
        <line num="332" type="stmt" count="0"/>
        <line num="333" type="stmt" count="0"/>
        <line num="335" type="stmt" count="0"/>
        <line num="336" type="stmt" count="0"/>
        <line num="337" type="stmt" count="0"/>
        <line num="338" type="stmt" count="0"/>
        <line num="339" type="stmt" count="0"/>
        <line num="340" type="stmt" count="0"/>
        <line num="341" type="stmt" count="0"/>
        <line num="343" type="stmt" count="0"/>
        <line num="349" type="method" name="_preProcess" crap="2" count="0"/>
        <line num="351" type="stmt" count="0"/>
        <line num="353" type="stmt" count="0"/>
        <line num="361" type="method" name="_postProcess" crap="2" count="0"/>
        <line num="363" type="stmt" count="0"/>
        <line num="365" type="stmt" count="0"/>
        <line num="371" type="method" name="_respond" crap="30" count="0"/>
        <line num="373" type="stmt" count="0"/>
        <line num="375" type="stmt" count="0"/>
        <line num="376" type="stmt" count="0"/>
        <line num="379" type="stmt" count="0"/>
        <line num="380" type="stmt" count="0"/>
        <line num="382" type="stmt" count="0"/>
        <line num="384" type="stmt" count="0"/>
        <line num="385" type="stmt" count="0"/>
        <line num="386" type="stmt" count="0"/>
        <line num="387" type="stmt" count="0"/>
        <line num="389" type="stmt" count="0"/>
        <line num="391" type="stmt" count="0"/>
        <line num="393" type="stmt" count="0"/>
        <line num="394" type="stmt" count="0"/>
        <line num="396" type="stmt" count="0"/>
        <line num="397" type="stmt" count="0"/>
        <line num="400" type="stmt" count="0"/>
        <line num="408" type="method" name="_detectAppName" crap="20" count="0"/>
        <line num="411" type="stmt" count="0"/>
        <line num="412" type="stmt" count="0"/>
        <line num="414" type="stmt" count="0"/>
        <line num="415" type="stmt" count="0"/>
        <line num="416" type="stmt" count="0"/>
        <line num="417" type="stmt" count="0"/>
        <line num="419" type="stmt" count="0"/>
        <line num="422" type="stmt" count="0"/>
        <line num="423" type="stmt" count="0"/>
        <line num="425" type="stmt" count="0"/>
        <line num="426" type="stmt" count="0"/>
        <line num="427" type="stmt" count="0"/>
        <line num="428" type="stmt" count="0"/>
        <line num="429" type="stmt" count="0"/>
        <line num="431" type="stmt" count="0"/>
        <line num="432" type="stmt" count="0"/>
        <line num="435" type="stmt" count="0"/>
        <line num="437" type="stmt" count="0"/>
        <line num="440" type="stmt" count="0"/>
        <line num="441" type="stmt" count="0"/>
        <line num="446" type="method" name="_detectResponseMembers" crap="12" count="0"/>
        <line num="449" type="stmt" count="0"/>
        <line num="452" type="stmt" count="0"/>
        <line num="454" type="stmt" count="0"/>
        <line num="455" type="stmt" count="0"/>
        <line num="456" type="stmt" count="0"/>
        <line num="457" type="stmt" count="0"/>
        <line num="458" type="stmt" count="0"/>
        <line num="459" type="stmt" count="0"/>
        <line num="460" type="stmt" count="0"/>
        <line num="462" type="stmt" count="0"/>
        <line num="463" type="stmt" count="0"/>
        <line num="464" type="stmt" count="0"/>
        <line num="469" type="method" name="_handleGet" crap="2" count="0"/>
        <line num="471" type="stmt" count="0"/>
        <line num="477" type="method" name="_handleMerge" crap="2" count="0"/>
        <line num="479" type="stmt" count="0"/>
        <line num="485" type="method" name="_handleOptions" crap="2" count="0"/>
        <line num="487" type="stmt" count="0"/>
        <line num="493" type="method" name="_handleCopy" crap="2" count="0"/>
        <line num="495" type="stmt" count="0"/>
        <line num="501" type="method" name="_handleConnect" crap="2" count="0"/>
        <line num="503" type="stmt" count="0"/>
        <line num="509" type="method" name="_handlePost" crap="2" count="0"/>
        <line num="511" type="stmt" count="0"/>
        <line num="517" type="method" name="_handlePut" crap="2" count="0"/>
        <line num="519" type="stmt" count="0"/>
        <line num="525" type="method" name="_handlePatch" crap="2" count="0"/>
        <line num="527" type="stmt" count="0"/>
        <line num="533" type="method" name="_handleDelete" crap="2" count="0"/>
        <line num="535" type="stmt" count="0"/>
        <line num="544" type="method" name="_listResources" crap="2" count="0"/>
        <line num="546" type="stmt" count="0"/>
        <line num="555" type="method" name="checkPermission" crap="2" count="0"/>
        <line num="557" type="stmt" count="0"/>
        <line num="563" type="method" name="trigger" crap="2" count="3"/>
        <line num="565" type="stmt" count="3"/>
        <line num="566" type="stmt" count="3"/>
        <line num="567" type="stmt" count="3"/>
        <line num="569" type="stmt" count="3"/>
        <line num="580" type="method" name="_buildCriteria" crap="12" count="0"/>
        <line num="583" type="stmt" count="0"/>
        <line num="585" type="stmt" count="0"/>
        <line num="587" type="stmt" count="0"/>
        <line num="588" type="stmt" count="0"/>
        <line num="589" type="stmt" count="0"/>
        <line num="590" type="stmt" count="0"/>
        <line num="592" type="stmt" count="0"/>
        <line num="593" type="stmt" count="0"/>
        <line num="594" type="stmt" count="0"/>
        <line num="597" type="stmt" count="0"/>
        <line num="605" type="method" name="setResponse" crap="2" count="0"/>
        <line num="607" type="stmt" count="0"/>
        <line num="609" type="stmt" count="0"/>
        <line num="615" type="method" name="getResponse" crap="2" count="0"/>
        <line num="617" type="stmt" count="0"/>
        <line num="625" type="method" name="_setAction" crap="2" count="0"/>
        <line num="627" type="stmt" count="0"/>
        <line num="629" type="stmt" count="0"/>
        <line num="635" type="method" name="getAction" crap="2" count="0"/>
        <line num="637" type="stmt" count="0"/>
        <line num="643" type="method" name="getResource" crap="2" count="0"/>
        <line num="645" type="stmt" count="0"/>
        <line num="651" type="method" name="getResourceArray" crap="2" count="0"/>
        <line num="653" type="stmt" count="0"/>
        <line num="659" type="method" name="getResourcePath" crap="2" count="0"/>
        <line num="661" type="stmt" count="0"/>
        <line num="669" type="method" name="setAutoDispatch" crap="2" count="0"/>
        <line num="671" type="stmt" count="0"/>
        <line num="673" type="stmt" count="0"/>
        <line num="679" type="method" name="getAutoDispatch" crap="2" count="0"/>
        <line num="681" type="stmt" count="0"/>
        <line num="689" type="method" name="setAutoDispatchPattern" crap="2" count="0"/>
        <line num="691" type="stmt" count="0"/>
        <line num="693" type="stmt" count="0"/>
        <line num="699" type="method" name="getAutoDispatchPattern" crap="2" count="0"/>
        <line num="701" type="stmt" count="0"/>
        <line num="707" type="method" name="getOriginalAction" crap="2" count="0"/>
        <line num="709" type="stmt" count="0"/>
        <line num="717" type="method" name="setVerbAliases" crap="1" count="1"/>
        <line num="719" type="stmt" count="1"/>
        <line num="721" type="stmt" count="1"/>
        <line num="730" type="method" name="setVerbAlias" crap="2" count="0"/>
        <line num="732" type="stmt" count="0"/>
        <line num="734" type="stmt" count="0"/>
        <line num="742" type="method" name="clearVerbAlias" crap="12" count="0"/>
        <line num="744" type="stmt" count="0"/>
        <line num="745" type="stmt" count="0"/>
        <line num="746" type="stmt" count="0"/>
        <line num="747" type="stmt" count="0"/>
        <line num="750" type="stmt" count="0"/>
        <line num="753" type="stmt" count="0"/>
        <line num="759" type="method" name="getVerbAliases" crap="2" count="0"/>
        <line num="761" type="stmt" count="0"/>
        <line num="767" type="method" name="getRequestedAction" crap="6" count="0"/>
        <line num="769" type="stmt" count="0"/>
        <line num="775" type="method" name="getServiceId" crap="2" count="0"/>
        <line num="777" type="stmt" count="0"/>
        <line num="785" type="method" name="setExtraActions" crap="2" count="0"/>
        <line num="787" type="stmt" count="0"/>
        <line num="789" type="stmt" count="0"/>
        <line num="795" type="method" name="getExtraActions" crap="2" count="0"/>
        <line num="797" type="stmt" count="0"/>
        <line num="807" type="method" name="addExtraAction" crap="12" count="0"/>
        <line num="809" type="stmt" count="0"/>
        <line num="810" type="stmt" count="0"/>
        <line num="811" type="stmt" count="0"/>
        <line num="814" type="stmt" count="0"/>
        <line num="815" type="stmt" count="0"/>
        <line num="816" type="stmt" count="0"/>
        <line num="817" type="stmt" count="0"/>
        <line num="819" type="stmt" count="0"/>
        <line num="821" type="stmt" count="0"/>
        <line num="829" type="method" name="setRequestPayload" crap="2" count="0"/>
        <line num="831" type="stmt" count="0"/>
        <line num="833" type="stmt" count="0"/>
        <line num="839" type="method" name="getRequestPayload" crap="2" count="0"/>
        <line num="841" type="stmt" count="0"/>
        <line num="849" type="method" name="setResponseCode" crap="2" count="0"/>
        <line num="851" type="stmt" count="0"/>
        <line num="853" type="stmt" count="0"/>
        <line num="859" type="method" name="getResponseCode" crap="2" count="0"/>
        <line num="861" type="stmt" count="0"/>
        <line num="869" type="method" name="setOutputFormat" crap="2" count="0"/>
        <line num="871" type="stmt" count="0"/>
        <line num="873" type="stmt" count="0"/>
        <line num="879" type="method" name="getOutputFormat" crap="2" count="0"/>
        <line num="881" type="stmt" count="0"/>
        <line num="889" type="method" name="setResponseFormat" crap="2" count="0"/>
        <line num="891" type="stmt" count="0"/>
        <line num="893" type="stmt" count="0"/>
        <line num="899" type="method" name="getResponseFormat" crap="2" count="0"/>
        <line num="901" type="stmt" count="0"/>
        <line num="909" type="method" name="setOutputAsFile" crap="2" count="0"/>
        <line num="911" type="stmt" count="0"/>
        <line num="913" type="stmt" count="0"/>
        <line num="919" type="method" name="getOutputAsFile" crap="2" count="0"/>
        <line num="921" type="stmt" count="0"/>
        <metrics loc="924" ncloc="529" classes="1" methods="56" coveredmethods="3" conditionals="0" coveredconditionals="0" statements="215" coveredstatements="12" elements="271" coveredelements="15"/>
      </file>
      <file name="/opt/dreamfactory/lib/lib-php-common-platform/src/Services/BasePlatformService.php">
        <class name="BasePlatformService" namespace="DreamFactory\Platform\Services">
          <metrics methods="29" coveredmethods="9" conditionals="0" coveredconditionals="0" statements="124" coveredstatements="69" elements="153" coveredelements="78"/>
        </class>
        <line num="115" type="method" name="__construct" crap="31.59" count="3"/>
        <line num="117" type="stmt" count="3"/>
        <line num="120" type="stmt" count="3"/>
        <line num="121" type="stmt" count="3"/>
        <line num="122" type="stmt" count="0"/>
        <line num="123" type="stmt" count="0"/>
        <line num="124" type="stmt" count="0"/>
        <line num="125" type="stmt" count="0"/>
        <line num="126" type="stmt" count="0"/>
        <line num="128" type="stmt" count="3"/>
        <line num="129" type="stmt" count="3"/>
        <line num="130" type="stmt" count="0"/>
        <line num="133" type="stmt" count="3"/>
        <line num="134" type="stmt" count="3"/>
        <line num="135" type="stmt" count="0"/>
        <line num="136" type="stmt" count="0"/>
        <line num="137" type="stmt" count="0"/>
        <line num="140" type="stmt" count="0"/>
        <line num="141" type="stmt" count="0"/>
        <line num="142" type="stmt" count="0"/>
        <line num="143" type="stmt" count="0"/>
        <line num="144" type="stmt" count="0"/>
        <line num="145" type="stmt" count="0"/>
        <line num="147" type="stmt" count="3"/>
        <line num="148" type="stmt" count="3"/>
        <line num="149" type="stmt" count="0"/>
        <line num="153" type="stmt" count="3"/>
        <line num="154" type="stmt" count="3"/>
        <line num="155" type="stmt" count="0"/>
        <line num="156" type="stmt" count="0"/>
        <line num="159" type="stmt" count="3"/>
        <line num="161" type="stmt" count="3"/>
        <line num="162" type="stmt" count="3"/>
        <line num="163" type="stmt" count="3"/>
        <line num="164" type="stmt" count="3"/>
        <line num="165" type="stmt" count="3"/>
        <line num="170" type="method" name="__destruct" crap="1" count="3"/>
        <line num="173" type="stmt" count="3"/>
        <line num="175" type="stmt" count="3"/>
        <line num="176" type="stmt" count="3"/>
        <line num="181" type="method" name="on" crap="1" count="1"/>
        <line num="183" type="stmt" count="1"/>
        <line num="184" type="stmt" count="1"/>
        <line num="189" type="method" name="off" crap="2" count="0"/>
        <line num="191" type="stmt" count="0"/>
        <line num="192" type="stmt" count="0"/>
        <line num="197" type="method" name="trigger" crap="1" count="3"/>
        <line num="199" type="stmt" count="3"/>
        <line num="209" type="method" name="_determineTypeId" crap="30" count="0"/>
        <line num="211" type="stmt" count="0"/>
        <line num="213" type="stmt" count="0"/>
        <line num="214" type="stmt" count="0"/>
        <line num="215" type="stmt" count="0"/>
        <line num="216" type="stmt" count="0"/>
        <line num="221" type="stmt" count="0"/>
        <line num="223" type="stmt" count="0"/>
        <line num="225" type="stmt" count="0"/>
        <line num="226" type="stmt" count="0"/>
        <line num="227" type="stmt" count="0"/>
        <line num="229" type="stmt" count="0"/>
        <line num="232" type="stmt" count="0"/>
        <line num="234" type="stmt" count="0"/>
        <line num="246" type="method" name="_normalizeEventName" crap="9" count="3"/>
        <line num="248" type="stmt" count="3"/>
        <line num="250" type="stmt" count="3"/>
        <line num="251" type="stmt" count="3"/>
        <line num="252" type="stmt" count="1"/>
        <line num="255" type="stmt" count="3"/>
        <line num="256" type="stmt" count="3"/>
        <line num="257" type="stmt" count="3"/>
        <line num="258" type="stmt" count="3"/>
        <line num="260" type="stmt" count="3"/>
        <line num="261" type="stmt" count="3"/>
        <line num="262" type="stmt" count="3"/>
        <line num="264" type="stmt" count="3"/>
        <line num="266" type="stmt" count="3"/>
        <line num="268" type="stmt" count="3"/>
        <line num="269" type="stmt" count="3"/>
        <line num="270" type="stmt" count="3"/>
        <line num="271" type="stmt" count="3"/>
        <line num="272" type="stmt" count="3"/>
        <line num="274" type="stmt" count="3"/>
        <line num="276" type="stmt" count="3"/>
        <line num="277" type="stmt" count="3"/>
        <line num="278" type="stmt" count="3"/>
        <line num="281" type="stmt" count="3"/>
        <line num="282" type="stmt" count="3"/>
        <line num="283" type="stmt" count="3"/>
        <line num="285" type="stmt" count="3"/>
        <line num="288" type="stmt" count="3"/>
        <line num="289" type="stmt" count="3"/>
        <line num="290" type="stmt" count="3"/>
        <line num="293" type="stmt" count="3"/>
        <line num="294" type="stmt" count="3"/>
        <line num="295" type="stmt" count="3"/>
        <line num="296" type="stmt" count="3"/>
        <line num="298" type="stmt" count="3"/>
        <line num="299" type="stmt" count="3"/>
        <line num="301" type="stmt" count="3"/>
        <line num="310" type="method" name="_checkPermission" crap="2" count="0"/>
        <line num="312" type="stmt" count="0"/>
        <line num="320" type="method" name="setApiName" crap="1" count="1"/>
        <line num="322" type="stmt" count="1"/>
        <line num="324" type="stmt" count="1"/>
        <line num="330" type="method" name="getApiName" crap="2" count="0"/>
        <line num="332" type="stmt" count="0"/>
        <line num="340" type="method" name="setDescription" crap="1" count="1"/>
        <line num="342" type="stmt" count="1"/>
        <line num="344" type="stmt" count="1"/>
        <line num="350" type="method" name="getDescription" crap="2" count="0"/>
        <line num="352" type="stmt" count="0"/>
        <line num="360" type="method" name="setIsActive" crap="1" count="1"/>
        <line num="362" type="stmt" count="1"/>
        <line num="364" type="stmt" count="1"/>
        <line num="370" type="method" name="getIsActive" crap="2" count="0"/>
        <line num="372" type="stmt" count="0"/>
        <line num="380" type="method" name="setNativeFormat" crap="2" count="0"/>
        <line num="382" type="stmt" count="0"/>
        <line num="384" type="stmt" count="0"/>
        <line num="390" type="method" name="getNativeFormat" crap="2" count="0"/>
        <line num="392" type="stmt" count="0"/>
        <line num="400" type="method" name="setType" crap="1" count="1"/>
        <line num="402" type="stmt" count="1"/>
        <line num="404" type="stmt" count="1"/>
        <line num="410" type="method" name="getType" crap="2" count="0"/>
        <line num="412" type="stmt" count="0"/>
        <line num="420" type="method" name="setProxyClient" crap="2" count="0"/>
        <line num="422" type="stmt" count="0"/>
        <line num="424" type="stmt" count="0"/>
        <line num="430" type="method" name="getProxyClient" crap="2" count="0"/>
        <line num="432" type="stmt" count="0"/>
        <line num="440" type="method" name="setTypeId" crap="1" count="1"/>
        <line num="442" type="stmt" count="1"/>
        <line num="444" type="stmt" count="1"/>
        <line num="450" type="method" name="getTypeId" crap="2" count="0"/>
        <line num="452" type="stmt" count="0"/>
        <line num="458" type="method" name="getUserId" crap="2" count="0"/>
        <line num="460" type="stmt" count="0"/>
        <line num="468" type="method" name="setRequestObject" crap="2" count="0"/>
        <line num="470" type="stmt" count="0"/>
        <line num="472" type="stmt" count="0"/>
        <line num="478" type="method" name="getRequestObject" crap="2" count="0"/>
        <line num="480" type="stmt" count="0"/>
        <line num="488" type="method" name="setResponseObject" crap="2" count="0"/>
        <line num="490" type="stmt" count="0"/>
        <line num="492" type="stmt" count="0"/>
        <line num="498" type="method" name="getResponseObject" crap="2" count="0"/>
        <line num="500" type="stmt" count="0"/>
        <line num="508" type="method" name="setTimer" crap="2" count="0"/>
        <line num="510" type="stmt" count="0"/>
        <line num="512" type="stmt" count="0"/>
        <line num="518" type="method" name="getTimer" crap="2" count="0"/>
        <line num="520" type="stmt" count="0"/>
        <metrics loc="523" ncloc="309" classes="1" methods="29" coveredmethods="9" conditionals="0" coveredconditionals="0" statements="124" coveredstatements="69" elements="153" coveredelements="78"/>
      </file>
      <file name="/opt/dreamfactory/lib/lib-php-common-platform/src/Services/BaseSystemRestService.php">
        <class name="BaseSystemRestService" namespace="DreamFactory\Platform\Services">
          <metrics methods="7" coveredmethods="1" conditionals="0" coveredconditionals="0" statements="15" coveredstatements="9" elements="22" coveredelements="10"/>
        </class>
        <line num="39" type="method" name="__construct" crap="8" count="2"/>
        <line num="42" type="stmt" count="2"/>
        <line num="43" type="stmt" count="2"/>
        <line num="44" type="stmt" count="2"/>
        <line num="45" type="stmt" count="2"/>
        <line num="46" type="stmt" count="2"/>
        <line num="47" type="stmt" count="2"/>
        <line num="48" type="stmt" count="2"/>
        <line num="50" type="stmt" count="2"/>
        <line num="51" type="stmt" count="2"/>
        <line num="59" type="method" name="setApiName" crap="2" count="0"/>
        <line num="61" type="stmt" count="0"/>
        <line num="70" type="method" name="setDescription" crap="2" count="0"/>
        <line num="72" type="stmt" count="0"/>
        <line num="81" type="method" name="setIsActive" crap="2" count="0"/>
        <line num="83" type="stmt" count="0"/>
        <line num="92" type="method" name="setNativeFormat" crap="2" count="0"/>
        <line num="94" type="stmt" count="0"/>
        <line num="103" type="method" name="setType" crap="2" count="0"/>
        <line num="105" type="stmt" count="0"/>
        <line num="114" type="method" name="setTypeId" crap="2" count="0"/>
        <line num="116" type="stmt" count="0"/>
        <line num="184" type="stmt" count="1"/>
        <metrics loc="118" ncloc="49" classes="1" methods="7" coveredmethods="1" conditionals="0" coveredconditionals="0" statements="15" coveredstatements="9" elements="22" coveredelements="10"/>
      </file>
      <file name="/opt/dreamfactory/lib/lib-php-common-platform/src/Services/SystemManager.php">
        <class name="SystemManager" namespace="DreamFactory\Platform\Services">
          <metrics methods="32" coveredmethods="2" conditionals="0" coveredconditionals="0" statements="536" coveredstatements="16" elements="568" coveredelements="18"/>
        </class>
        <line num="107" type="method" name="__construct" crap="1" count="1"/>
        <line num="109" type="stmt" count="1"/>
        <line num="110" type="stmt" count="1"/>
        <line num="112" type="stmt" count="1"/>
        <line num="113" type="stmt" count="1"/>
        <line num="115" type="stmt" count="1"/>
        <line num="116" type="stmt" count="1"/>
        <line num="117" type="stmt" count="1"/>
        <line num="118" type="stmt" count="1"/>
        <line num="119" type="stmt" count="1"/>
        <line num="120" type="stmt" count="1"/>
        <line num="121" type="stmt" count="1"/>
        <line num="123" type="stmt" count="1"/>
        <line num="124" type="stmt" count="1"/>
        <line num="125" type="stmt" count="1"/>
        <line num="135" type="method" name="doesDbVersionRequireUpgrade" crap="6" count="0"/>
        <line num="137" type="stmt" count="0"/>
        <line num="138" type="stmt" count="0"/>
        <line num="139" type="stmt" count="0"/>
        <line num="142" type="stmt" count="0"/>
        <line num="150" type="method" name="getSystemState" crap="90" count="0"/>
        <line num="152" type="stmt" count="0"/>
        <line num="154" type="stmt" count="0"/>
        <line num="155" type="stmt" count="0"/>
        <line num="156" type="stmt" count="0"/>
        <line num="159" type="stmt" count="0"/>
        <line num="160" type="stmt" count="0"/>
        <line num="161" type="stmt" count="0"/>
        <line num="162" type="stmt" count="0"/>
        <line num="164" type="stmt" count="0"/>
        <line num="168" type="stmt" count="0"/>
        <line num="169" type="stmt" count="0"/>
        <line num="170" type="stmt" count="0"/>
        <line num="172" type="stmt" count="0"/>
        <line num="176" type="stmt" count="0"/>
        <line num="177" type="stmt" count="0"/>
        <line num="178" type="stmt" count="0"/>
        <line num="180" type="stmt" count="0"/>
        <line num="183" type="stmt" count="0"/>
        <line num="184" type="stmt" count="0"/>
        <line num="185" type="stmt" count="0"/>
        <line num="192" type="stmt" count="0"/>
        <line num="193" type="stmt" count="0"/>
        <line num="194" type="stmt" count="0"/>
        <line num="196" type="stmt" count="0"/>
        <line num="199" type="stmt" count="0"/>
        <line num="208" type="method" name="initSchema" crap="42" count="0"/>
        <line num="210" type="stmt" count="0"/>
[...]
        <line num="464" type="stmt" count="0"/>
        <line num="482" type="method" name="setStatusCode" crap="9.06" count="3"/>
        <line num="484" type="stmt" count="3"/>
        <line num="485" type="stmt" count="3"/>
        <line num="486" type="stmt" count="0"/>
        <line num="489" type="stmt" count="3"/>
        <line num="490" type="stmt" count="3"/>
        <line num="492" type="stmt" count="3"/>
        <line num="495" type="stmt" count="0"/>
        <line num="496" type="stmt" count="0"/>
        <line num="498" type="stmt" count="0"/>
        <line num="501" type="stmt" count="0"/>
        <line num="503" type="stmt" count="0"/>
        <line num="513" type="method" name="getStatusCode" crap="2" count="0"/>
        <line num="515" type="stmt" count="0"/>
        <line num="527" type="method" name="setCharset" crap="2" count="0"/>
        <line num="529" type="stmt" count="0"/>
        <line num="531" type="stmt" count="0"/>
        <line num="541" type="method" name="getCharset" crap="2" count="0"/>
        <line num="543" type="stmt" count="0"/>
        <line num="559" type="method" name="isCacheable" crap="30" count="0"/>
        <line num="561" type="stmt" count="0"/>
        <line num="562" type="stmt" count="0"/>
        <line num="565" type="stmt" count="0"/>
        <line num="566" type="stmt" count="0"/>
        <line num="569" type="stmt" count="0"/>
        <line num="583" type="method" name="isFresh" crap="2" count="0"/>
        <line num="585" type="stmt" count="0"/>
        <line num="596" type="method" name="isValidateable" crap="6" count="0"/>
        <line num="598" type="stmt" count="0"/>
        <line num="610" type="method" name="setPrivate" crap="2" count="0"/>
        <line num="612" type="stmt" count="0"/>
        <line num="613" type="stmt" count="0"/>
        <line num="615" type="stmt" count="0"/>
        <line num="627" type="method" name="setPublic" crap="2" count="0"/>
        <line num="629" type="stmt" count="0"/>
        <line num="630" type="stmt" count="0"/>
        <line num="632" type="stmt" count="0"/>
        <line num="647" type="method" name="mustRevalidate" crap="6" count="0"/>
        <line num="649" type="stmt" count="0"/>
        <line num="661" type="method" name="getDate" crap="2" count="0"/>
        <line num="663" type="stmt" count="0"/>
        <line num="675" type="method" name="setDate" crap="1" count="3"/>
        <line num="677" type="stmt" count="3"/>
        <line num="678" type="stmt" count="3"/>
        <line num="680" type="stmt" count="3"/>
        <line num="688" type="method" name="getAge" crap="6" count="0"/>
        <line num="690" type="stmt" count="0"/>
        <line num="691" type="stmt" count="0"/>
        <line num="694" type="stmt" count="0"/>
        <line num="704" type="method" name="expire" crap="6" count="0"/>
        <line num="706" type="stmt" count="0"/>
        <line num="707" type="stmt" count="0"/>
        <line num="708" type="stmt" count="0"/>
        <line num="710" type="stmt" count="0"/>
        <line num="720" type="method" name="getExpires" crap="6" count="0"/>
        <line num="723" type="stmt" count="0"/>
        <line num="724" type="stmt" count="0"/>
        <line num="726" type="stmt" count="0"/>
        <line num="741" type="method" name="setExpires" crap="6" count="0"/>
        <line num="743" type="stmt" count="0"/>
        <line num="744" type="stmt" count="0"/>
        <line num="745" type="stmt" count="0"/>
        <line num="746" type="stmt" count="0"/>
        <line num="747" type="stmt" count="0"/>
        <line num="748" type="stmt" count="0"/>
        <line num="751" type="stmt" count="0"/>
        <line num="765" type="method" name="getMaxAge" crap="20" count="0"/>
        <line num="767" type="stmt" count="0"/>
        <line num="768" type="stmt" count="0"/>
        <line num="771" type="stmt" count="0"/>
        <line num="772" type="stmt" count="0"/>
        <line num="775" type="stmt" count="0"/>
        <line num="776" type="stmt" count="0"/>
        <line num="779" type="stmt" count="0"/>
        <line num="793" type="method" name="setMaxAge" crap="2" count="0"/>
        <line num="795" type="stmt" count="0"/>
        <line num="797" type="stmt" count="0"/>
        <line num="811" type="method" name="setSharedMaxAge" crap="2" count="0"/>
        <line num="813" type="stmt" count="0"/>
        <line num="814" type="stmt" count="0"/>
        <line num="816" type="stmt" count="0"/>
        <line num="831" type="method" name="getTtl" crap="6" count="0"/>
        <line num="833" type="stmt" count="0"/>
        <line num="834" type="stmt" count="0"/>
        <line num="837" type="stmt" count="0"/>
        <line num="851" type="method" name="setTtl" crap="2" count="0"/>
        <line num="853" type="stmt" count="0"/>
        <line num="855" type="stmt" count="0"/>
        <line num="869" type="method" name="setClientTtl" crap="2" count="0"/>
        <line num="871" type="stmt" count="0"/>
        <line num="873" type="stmt" count="0"/>
        <line num="885" type="method" name="getLastModified" crap="2" count="0"/>
        <line num="887" type="stmt" count="0"/>
        <line num="901" type="method" name="setLastModified" crap="6" count="0"/>
        <line num="903" type="stmt" count="0"/>
        <line num="904" type="stmt" count="0"/>
        <line num="905" type="stmt" count="0"/>
        <line num="906" type="stmt" count="0"/>
        <line num="907" type="stmt" count="0"/>
        <line num="908" type="stmt" count="0"/>
        <line num="911" type="stmt" count="0"/>
        <line num="921" type="method" name="getEtag" crap="2" count="0"/>
        <line num="923" type="stmt" count="0"/>
        <line num="936" type="method" name="setEtag" crap="20" count="0"/>
        <line num="938" type="stmt" count="0"/>
        <line num="939" type="stmt" count="0"/>
        <line num="940" type="stmt" count="0"/>
        <line num="941" type="stmt" count="0"/>
        <line num="942" type="stmt" count="0"/>
        <line num="943" type="stmt" count="0"/>
        <line num="945" type="stmt" count="0"/>
        <line num="948" type="stmt" count="0"/>
        <line num="964" type="method" name="setCache" crap="110" count="0"/>
        <line num="966" type="stmt" count="0"/>
        <line num="967" type="stmt" count="0"/>
        <line num="970" type="stmt" count="0"/>
        <line num="971" type="stmt" count="0"/>
        <line num="972" type="stmt" count="0"/>
        <line num="974" type="stmt" count="0"/>
        <line num="975" type="stmt" count="0"/>
        <line num="976" type="stmt" count="0"/>
        <line num="978" type="stmt" count="0"/>
        <line num="979" type="stmt" count="0"/>
        <line num="980" type="stmt" count="0"/>
        <line num="982" type="stmt" count="0"/>
        <line num="983" type="stmt" count="0"/>
        <line num="984" type="stmt" count="0"/>
        <line num="986" type="stmt" count="0"/>
        <line num="987" type="stmt" count="0"/>
        <line num="988" type="stmt" count="0"/>
        <line num="989" type="stmt" count="0"/>
        <line num="990" type="stmt" count="0"/>
        <line num="992" type="stmt" count="0"/>
        <line num="994" type="stmt" count="0"/>
        <line num="995" type="stmt" count="0"/>
        <line num="996" type="stmt" count="0"/>
        <line num="997" type="stmt" count="0"/>
        <line num="998" type="stmt" count="0"/>
        <line num="1000" type="stmt" count="0"/>
        <line num="1002" type="stmt" count="0"/>
        <line num="1017" type="method" name="setNotModified" crap="6" count="0"/>
        <line num="1019" type="stmt" count="0"/>
        <line num="1020" type="stmt" count="0"/>
        <line num="1023" type="stmt" count="0"/>
        <line num="1024" type="stmt" count="0"/>
        <line num="1025" type="stmt" count="0"/>
        <line num="1027" type="stmt" count="0"/>
        <line num="1037" type="method" name="hasVary" crap="2" count="0"/>
        <line num="1039" type="stmt" count="0"/>
        <line num="1049" type="method" name="getVary" crap="12" count="0"/>
        <line num="1051" type="stmt" count="0"/>
        <line num="1052" type="stmt" count="0"/>
        <line num="1055" type="stmt" count="0"/>
        <line num="1068" type="method" name="setVary" crap="2" count="0"/>
        <line num="1070" type="stmt" count="0"/>
        <line num="1072" type="stmt" count="0"/>
        <line num="1088" type="method" name="isNotModified" crap="72" count="0"/>
        <line num="1090" type="stmt" count="0"/>
        <line num="1091" type="stmt" count="0"/>
        <line num="1094" type="stmt" count="0"/>
        <line num="1095" type="stmt" count="0"/>
        <line num="1096" type="stmt" count="0"/>
        <line num="1097" type="stmt" count="0"/>
        <line num="1098" type="stmt" count="0"/>
        <line num="1099" type="stmt" count="0"/>
        <line num="1100" type="stmt" count="0"/>
        <line num="1102" type="stmt" count="0"/>
        <line num="1103" type="stmt" count="0"/>
        <line num="1104" type="stmt" count="0"/>
        <line num="1106" type="stmt" count="0"/>
        <line num="1117" type="method" name="isInvalid" crap="2" count="3"/>
        <line num="1119" type="stmt" count="3"/>
        <line num="1129" type="method" name="isInformational" crap="6" count="0"/>
        <line num="1131" type="stmt" count="0"/>
        <line num="1141" type="method" name="isSuccessful" crap="6" count="0"/>
        <line num="1143" type="stmt" count="0"/>
        <line num="1153" type="method" name="isRedirection" crap="6" count="0"/>
        <line num="1155" type="stmt" count="0"/>
        <line num="1165" type="method" name="isClientError" crap="6" count="0"/>
        <line num="1167" type="stmt" count="0"/>
        <line num="1177" type="method" name="isServerError" crap="6" count="0"/>
        <line num="1179" type="stmt" count="0"/>
        <line num="1189" type="method" name="isOk" crap="2" count="0"/>
        <line num="1191" type="stmt" count="0"/>
        <line num="1201" type="method" name="isForbidden" crap="2" count="0"/>
        <line num="1203" type="stmt" count="0"/>
        <line num="1213" type="method" name="isNotFound" crap="2" count="0"/>
        <line num="1215" type="stmt" count="0"/>
        <line num="1227" type="method" name="isRedirect" crap="12" count="0"/>
        <line num="1229" type="stmt" count="0"/>
        <line num="1239" type="method" name="isEmpty" crap="2" count="0"/>
        <line num="1241" type="stmt" count="0"/>
        <line num="1249" type="method" name="ensureIEOverSSLCompatibility" crap="30" count="0"/>
        <line num="1251" type="stmt" count="0"/>
        <line num="1252" type="stmt" count="0"/>
        <line num="1253" type="stmt" count="0"/>
        <line num="1254" type="stmt" count="0"/>
        <line num="1255" type="stmt" count="0"/>
        <line num="1256" type="stmt" count="0"/>
        <metrics loc="1257" ncloc="604" classes="1" methods="56" coveredmethods="4" conditionals="0" coveredconditionals="0" statements="249" coveredstatements="22" elements="305" coveredelements="26"/>
      </file>
      <file name="/opt/dreamfactory/lib/lib-php-common-platform/vendor/symfony/http-foundation/Symfony/Component/HttpFoundation/ResponseHeaderBag.php">
        <class name="ResponseHeaderBag" namespace="Symfony\Component\HttpFoundation">
          <metrics methods="14" coveredmethods="2" conditionals="0" coveredconditionals="0" statements="91" coveredstatements="17" elements="105" coveredelements="19"/>
        </class>
        <line num="51" type="method" name="__construct" crap="2" count="3"/>
        <line num="53" type="stmt" count="3"/>
        <line num="55" type="stmt" count="3"/>
        <line num="56" type="stmt" count="3"/>
        <line num="57" type="stmt" count="3"/>
        <line num="58" type="stmt" count="3"/>
        <line num="63" type="method" name="__toString" crap="6" count="0"/>
        <line num="65" type="stmt" count="0"/>
        <line num="66" type="stmt" count="0"/>
        <line num="67" type="stmt" count="0"/>
        <line num="68" type="stmt" count="0"/>
        <line num="70" type="stmt" count="0"/>
        <line num="72" type="stmt" count="0"/>
        <line num="80" type="method" name="allPreserveCase" crap="2" count="0"/>
        <line num="82" type="stmt" count="0"/>
        <line num="90" type="method" name="replace" crap="6" count="0"/>
        <line num="92" type="stmt" count="0"/>
        <line num="94" type="stmt" count="0"/>
        <line num="96" type="stmt" count="0"/>
        <line num="97" type="stmt" count="0"/>
        <line num="98" type="stmt" count="0"/>
        <line num="99" type="stmt" count="0"/>
        <line num="106" type="method" name="set" crap="2" count="3"/>
        <line num="108" type="stmt" count="3"/>
        <line num="110" type="stmt" count="3"/>
        <line num="111" type="stmt" count="3"/>
        <line num="114" type="stmt" count="3"/>
        <line num="115" type="stmt" count="3"/>
        <line num="116" type="stmt" count="3"/>
        <line num="117" type="stmt" count="3"/>
        <line num="118" type="stmt" count="3"/>
        <line num="119" type="stmt" count="3"/>
        <line num="120" type="stmt" count="3"/>
        <line num="127" type="method" name="remove" crap="6" count="0"/>
        <line num="129" type="stmt" count="0"/>
        <line num="131" type="stmt" count="0"/>
        <line num="132" type="stmt" count="0"/>
        <line num="134" type="stmt" count="0"/>
        <line num="135" type="stmt" count="0"/>
        <line num="136" type="stmt" count="0"/>
        <line num="137" type="stmt" count="0"/>
        <line num="142" type="method" name="hasCacheControlDirective" crap="2" count="0"/>
        <line num="144" type="stmt" count="0"/>
        <line num="150" type="method" name="getCacheControlDirective" crap="6" count="0"/>
        <line num="152" type="stmt" count="0"/>
        <line num="162" type="method" name="setCookie" crap="2" count="0"/>
        <line num="164" type="stmt" count="0"/>
        <line num="165" type="stmt" count="0"/>
        <line num="176" type="method" name="removeCookie" crap="20" count="0"/>
        <line num="178" type="stmt" count="0"/>
        <line num="179" type="stmt" count="0"/>
        <line num="180" type="stmt" count="0"/>
        <line num="182" type="stmt" count="0"/>
        <line num="184" type="stmt" count="0"/>
        <line num="185" type="stmt" count="0"/>
        <line num="187" type="stmt" count="0"/>
        <line num="188" type="stmt" count="0"/>
        <line num="189" type="stmt" count="0"/>
        <line num="190" type="stmt" count="0"/>
        <line num="191" type="stmt" count="0"/>
        <line num="204" type="method" name="getCookies" crap="42" count="0"/>
        <line num="206" type="stmt" count="0"/>
        <line num="207" type="stmt" count="0"/>
        <line num="210" type="stmt" count="0"/>
        <line num="211" type="stmt" count="0"/>
        <line num="214" type="stmt" count="0"/>
        <line num="215" type="stmt" count="0"/>
        <line num="216" type="stmt" count="0"/>
        <line num="217" type="stmt" count="0"/>
        <line num="218" type="stmt" count="0"/>
        <line num="219" type="stmt" count="0"/>
        <line num="220" type="stmt" count="0"/>
        <line num="221" type="stmt" count="0"/>
        <line num="223" type="stmt" count="0"/>
        <line num="235" type="method" name="clearCookie" crap="2" count="0"/>
        <line num="237" type="stmt" count="0"/>
        <line num="238" type="stmt" count="0"/>
        <line num="254" type="method" name="makeDisposition" crap="110" count="0"/>
        <line num="256" type="stmt" count="0"/>
        <line num="257" type="stmt" count="0"/>
        <line num="260" type="stmt" count="0"/>
        <line num="261" type="stmt" count="0"/>
        <line num="262" type="stmt" count="0"/>
        <line num="265" type="stmt" count="0"/>
        <line num="266" type="stmt" count="0"/>
        <line num="270" type="stmt" count="0"/>
        <line num="271" type="stmt" count="0"/>
        <line num="275" type="stmt" count="0"/>
        <line num="276" type="stmt" count="0"/>
        <line num="279" type="stmt" count="0"/>
        <line num="281" type="stmt" count="0"/>
        <line num="282" type="stmt" count="0"/>
        <line num="283" type="stmt" count="0"/>
        <line num="285" type="stmt" count="0"/>
        <line num="296" type="method" name="computeCacheControlValue" crap="50.47" count="3"/>
        <line num="298" type="stmt" count="3"/>
        <line num="299" type="stmt" count="3"/>
        <line num="302" type="stmt" count="0"/>
        <line num="304" type="stmt" count="0"/>
        <line num="307" type="stmt" count="0"/>
        <line num="308" type="stmt" count="0"/>
        <line num="309" type="stmt" count="0"/>
        <line num="313" type="stmt" count="0"/>
        <line num="314" type="stmt" count="0"/>
        <line num="317" type="stmt" count="0"/>
        <metrics loc="319" ncloc="189" classes="1" methods="14" coveredmethods="2" conditionals="0" coveredconditionals="0" statements="91" coveredstatements="17" elements="105" coveredelements="19"/>
      </file>
      <file name="/opt/dreamfactory/lib/lib-php-common-platform/vendor/symfony/http-foundation/Symfony/Component/HttpFoundation/ServerBag.php">
        <class name="ServerBag" namespace="Symfony\Component\HttpFoundation">
          <metrics methods="1" coveredmethods="0" conditionals="0" coveredconditionals="0" statements="37" coveredstatements="14" elements="38" coveredelements="14"/>
        </class>
        <line num="28" type="method" name="getHeaders" crap="69.05" count="3"/>
        <line num="30" type="stmt" count="3"/>
        <line num="31" type="stmt" count="3"/>
        <line num="32" type="stmt" count="3"/>
        <line num="33" type="stmt" count="3"/>
        <line num="34" type="stmt" count="0"/>
        <line num="35" type="stmt" count="0"/>
        <line num="37" type="stmt" count="3"/>
        <line num="38" type="stmt" count="0"/>
        <line num="39" type="stmt" count="0"/>
        <line num="40" type="stmt" count="3"/>
        <line num="42" type="stmt" count="3"/>
        <line num="43" type="stmt" count="0"/>
        <line num="44" type="stmt" count="0"/>
        <line num="45" type="stmt" count="0"/>
        <line num="60" type="stmt" count="3"/>
        <line num="61" type="stmt" count="3"/>
        <line num="62" type="stmt" count="0"/>
        <line num="63" type="stmt" count="3"/>
        <line num="64" type="stmt" count="0"/>
        <line num="65" type="stmt" count="0"/>
        <line num="67" type="stmt" count="3"/>
        <line num="68" type="stmt" count="0"/>
        <line num="70" type="stmt" count="0"/>
        <line num="71" type="stmt" count="0"/>
        <line num="72" type="stmt" count="0"/>
        <line num="73" type="stmt" count="0"/>
        <line num="74" type="stmt" count="0"/>
        <line num="76" type="stmt" count="0"/>
        <line num="77" type="stmt" count="0"/>
        <line num="78" type="stmt" count="0"/>
        <line num="79" type="stmt" count="0"/>
        <line num="83" type="stmt" count="3"/>
        <line num="84" type="stmt" count="0"/>
        <line num="85" type="stmt" count="3"/>
        <line num="86" type="stmt" count="0"/>
        <line num="87" type="stmt" count="0"/>
        <line num="89" type="stmt" count="3"/>
        <metrics loc="91" ncloc="50" classes="1" methods="1" coveredmethods="0" conditionals="0" coveredconditionals="0" statements="37" coveredstatements="14" elements="38" coveredelements="14"/>
      </file>
    </package>
    <metrics files="67" loc="26007" ncloc="14601" classes="68" methods="1074" coveredmethods="65" conditionals="0" coveredconditionals="0" statements="7141" coveredstatements="614" elements="8215" coveredelements="679"/>
  </project>
</coverage>
